<?xml version="1.0" encoding="UTF-8"?>
<!-- Generated by org.testng.reporters.JUnitReportReporter -->
<testsuite hostname="GAURAV-DUBEY" failures="0" tests="2" name="webElement.textbox.BaseClass" time="0.039" errors="0" timestamp="2024-01-11T22:07:09 IST" skipped="0">
  <testcase classname="webElement.textbox.BaseClass" name="test2" time="0.016"/>
  <testcase classname="webElement.textbox.BaseClass" name="test1" time="0.023"/>
</testsuite> <!-- webElement.textbox.BaseClass -->
