<?xml version="1.0" encoding="UTF-8"?>
<!-- Generated by org.testng.reporters.JUnitReportReporter -->
<testsuite hostname="GAURAV-DUBEY" failures="0" tests="3" name="TestNg.GroupExecution" time="0.029" errors="0" timestamp="2024-01-08T23:24:01 IST" skipped="0">
  <testcase classname="TestNg.GroupExecution" name="register" time="0.021"/>
  <testcase classname="TestNg.GroupExecution" name="login" time="0.004"/>
  <testcase classname="TestNg.GroupExecution" name="logout" time="0.004"/>
</testsuite> <!-- TestNg.GroupExecution -->
