<?xml version="1.0" encoding="UTF-8"?>
<!-- Generated by org.testng.reporters.JUnitReportReporter -->
<testsuite hostname="GAURAV-DUBEY" failures="0" tests="3" name="TestNg16.DataProviderTest6" time="0.025" errors="0" timestamp="2024-02-03T15:24:08 IST" skipped="0">
  <testcase classname="TestNg16.DataProviderTest6" name="register" time="0.005"/>
  <testcase classname="TestNg16.DataProviderTest6" name="register" time="0.006"/>
  <testcase classname="TestNg16.DataProviderTest6" name="register" time="0.014"/>
</testsuite> <!-- TestNg16.DataProviderTest6 -->
