<?xml version="1.0" encoding="UTF-8"?>
<!-- Generated by org.testng.reporters.JUnitReportReporter -->
<testsuite hostname="GAURAV-DUBEY" failures="0" tests="3" name="TestNg.Disable3" time="0.023" errors="0" timestamp="2024-01-08T22:00:19 IST" skipped="1">
  <testcase classname="TestNg.Disable3" name="login" time="0.019"/>
  <testcase classname="TestNg.Disable3" name="logout" time="0.004"/>
  <testcase classname="TestNg.Disable3" name="register">
    <skipped/>
  </testcase> <!-- register -->
</testsuite> <!-- TestNg.Disable3 -->
