<?xml version="1.0" encoding="UTF-8"?>
<!-- Generated by org.testng.reporters.JUnitReportReporter -->
<testsuite hostname="GAURAV-DUBEY" failures="0" tests="6" name="TestNg.Invocation5" time="0.123" errors="0" timestamp="2024-01-08T22:00:19 IST" skipped="0">
  <testcase classname="TestNg.Invocation5" name="register" time="0.047"/>
  <testcase classname="TestNg.Invocation5" name="register" time="0.019"/>
  <testcase classname="TestNg.Invocation5" name="register" time="0.034"/>
  <testcase classname="TestNg.Invocation5" name="login" time="0.008"/>
  <testcase classname="TestNg.Invocation5" name="cart" time="0.005"/>
  <testcase classname="TestNg.Invocation5" name="logout" time="0.010"/>
</testsuite> <!-- TestNg.Invocation5 -->
