<?xml version="1.0" encoding="UTF-8"?>
<!-- Generated by org.testng.reporters.JUnitReportReporter -->
<testsuite hostname="GAURAV-DUBEY" failures="0" tests="3" name="TestNg16.Disable3" time="0.024" errors="0" timestamp="2024-02-03T15:14:51 IST" skipped="1">
  <testcase classname="TestNg16.Disable3" name="login" time="0.020"/>
  <testcase classname="TestNg16.Disable3" name="logout" time="0.004"/>
  <testcase classname="TestNg16.Disable3" name="register">
    <skipped/>
  </testcase> <!-- register -->
</testsuite> <!-- TestNg16.Disable3 -->
