<?xml version="1.0" encoding="UTF-8"?>
<!-- Generated by org.testng.reporters.JUnitReportReporter -->
<testsuite hostname="GAURAV-DUBEY" failures="0" tests="1" name="TestNg.CrossBrowser" time="74.564" errors="0" timestamp="2024-01-08T23:14:12 IST" skipped="0">
  <testcase classname="TestNg.CrossBrowser" name="googleTest" time="74.564"/>
</testsuite> <!-- TestNg.CrossBrowser -->
