<?xml version="1.0" encoding="UTF-8"?>
<!-- Generated by org.testng.reporters.JUnitReportReporter -->
<testsuite hostname="GAURAV-DUBEY" failures="0" tests="3" name="TestNg.DataProviderTest6" time="0.048" errors="0" timestamp="2024-01-08T22:00:19 IST" skipped="0">
  <testcase classname="TestNg.DataProviderTest6" name="register" time="0.007"/>
  <testcase classname="TestNg.DataProviderTest6" name="register" time="0.010"/>
  <testcase classname="TestNg.DataProviderTest6" name="register" time="0.031"/>
</testsuite> <!-- TestNg.DataProviderTest6 -->
