<?xml version="1.0" encoding="UTF-8"?>
<!-- Generated by org.testng.reporters.JUnitReportReporter -->
<testsuite hostname="GAURAV-DUBEY" failures="0" tests="3" name="TestNg.Priority" time="0.026" errors="0" timestamp="2024-01-08T22:00:19 IST" skipped="0">
  <testcase classname="TestNg.Priority" name="register" time="0.002"/>
  <testcase classname="TestNg.Priority" name="login" time="0.003"/>
  <testcase classname="TestNg.Priority" name="logout" time="0.021"/>
</testsuite> <!-- TestNg.Priority -->
