<?xml version="1.0" encoding="UTF-8"?>
<!-- Generated by org.testng.reporters.JUnitReportReporter -->
<testsuite hostname="GAURAV-DUBEY" failures="0" tests="1" name="TestNg.MultipleTestScripts" time="0.024" errors="0" timestamp="2024-01-05T15:48:37 IST" skipped="0">
  <testcase classname="TestNg.MultipleTestScripts" name="c" time="0.024"/>
</testsuite> <!-- TestNg.MultipleTestScripts -->
